{
  "RSpec": {
    "coverage": {
      "/Users/danielmulitauopele/Turing/2module/projects/opensphere/spec/support/factory_bot.rb": [
        1,
        null,
        1,
        1,
        null
      ],
      "/Users/danielmulitauopele/Turing/2module/projects/opensphere/spec/features/user_can_see_about_index_page_spec.rb": [
        1,
        null,
        1,
        1,
        1,
        1,
        null,
        1,
        1,
        null,
        null,
        1,
        1,
        null,
        1,
        1,
        null,
        null,
        null,
        null
      ],
      "/Users/danielmulitauopele/Turing/2module/projects/opensphere/spec/features/user_can_see_an_individual_candidate_spec.rb": [
        1,
        null,
        1,
        1,
        1,
        2,
        2,
        2,
        2,
        null,
        1,
        1,
        null,
        1,
        null,
        1,
        1,
        1,
        null,
        1,
        1,
        null,
        null,
        null
      ],
      "/Users/danielmulitauopele/Turing/2module/projects/opensphere/spec/features/user_can_see_candidates_index_page_spec.rb": [
        1,
        null,
        1,
        1,
        1,
        3,
        3,
        3,
        3,
        null,
        1,
        1,
        null,
        1,
        1,
        1,
        null,
        1,
        1,
        null,
        1,
        1,
        1,
        null,
        1,
        1,
        1,
        null,
        null,
        1,
        1,
        null,
        1,
        null,
        1,
        1,
        null,
        null,
        null
      ],
      "/Users/danielmulitauopele/Turing/2module/projects/opensphere/spec/features/user_can_see_homepage_spec.rb": [
        1,
        null,
        1,
        1,
        1,
        1,
        1,
        null,
        1,
        null,
        1,
        1,
        null,
        1,
        1,
        1,
        1,
        null,
        null,
        1,
        1,
        1,
        1,
        null,
        1,
        1,
        null,
        1,
        1,
        null,
        null,
        null,
        null
      ],
      "/Users/danielmulitauopele/Turing/2module/projects/opensphere/spec/features/user_can_see_the_activate_page_spec.rb": [
        1,
        null,
        1,
        1,
        1,
        1,
        null,
        1,
        null,
        null,
        null
      ],
      "/Users/danielmulitauopele/Turing/2module/projects/opensphere/spec/models/ballot_candidate_spec.rb": [
        1,
        null,
        1,
        1,
        2,
        2,
        null,
        null
      ],
      "/Users/danielmulitauopele/Turing/2module/projects/opensphere/app/models/ballot_candidate.rb": [
        1,
        1,
        1,
        null
      ],
      "/Users/danielmulitauopele/Turing/2module/projects/opensphere/app/models/application_record.rb": [
        1,
        1,
        null
      ],
      "/Users/danielmulitauopele/Turing/2module/projects/opensphere/spec/models/ballot_spec.rb": [
        1,
        null,
        1,
        1,
        2,
        2,
        null,
        null
      ],
      "/Users/danielmulitauopele/Turing/2module/projects/opensphere/app/models/ballot.rb": [
        1,
        1,
        1,
        1,
        null
      ],
      "/Users/danielmulitauopele/Turing/2module/projects/opensphere/spec/models/candidate_spec.rb": [
        1,
        null,
        1,
        1,
        2,
        null,
        1,
        2,
        null,
        null
      ],
      "/Users/danielmulitauopele/Turing/2module/projects/opensphere/app/models/candidate.rb": [
        1,
        1,
        1,
        1,
        1,
        null
      ],
      "/Users/danielmulitauopele/Turing/2module/projects/opensphere/spec/models/vote_spec.rb": [
        1,
        null,
        1,
        1,
        2,
        null,
        null
      ],
      "/Users/danielmulitauopele/Turing/2module/projects/opensphere/app/models/vote.rb": [
        1,
        1,
        null
      ],
      "/Users/danielmulitauopele/Turing/2module/projects/opensphere/spec/models/voter_spec.rb": [
        1,
        null,
        1,
        1,
        2,
        2,
        2,
        2,
        2,
        2,
        null,
        1,
        2,
        null,
        null
      ],
      "/Users/danielmulitauopele/Turing/2module/projects/opensphere/app/models/voter.rb": [
        1,
        1,
        1,
        1,
        1,
        null,
        1,
        null
      ],
      "/Users/danielmulitauopele/Turing/2module/projects/opensphere/app/controllers/about_controller.rb": [
        1,
        1,
        null,
        null,
        null
      ],
      "/Users/danielmulitauopele/Turing/2module/projects/opensphere/app/controllers/application_controller.rb": [
        1,
        1,
        1,
        null,
        1,
        20,
        null,
        null
      ],
      "/Users/danielmulitauopele/Turing/2module/projects/opensphere/app/controllers/dashboard_controller.rb": [
        1,
        1,
        null,
        null,
        null
      ],
      "/Users/danielmulitauopele/Turing/2module/projects/opensphere/app/controllers/sessions_controller.rb": [
        1,
        1,
        null,
        null,
        null,
        1,
        1,
        1,
        1,
        1,
        null,
        0,
        null,
        null,
        null
      ],
      "/Users/danielmulitauopele/Turing/2module/projects/opensphere/app/controllers/voters_controller.rb": [
        1,
        1,
        1,
        null,
        null,
        1,
        null,
        null,
        1,
        1,
        1,
        1,
        1,
        null,
        0,
        null,
        null,
        null,
        1,
        null,
        1,
        1,
        null,
        null
      ],
      "/Users/danielmulitauopele/Turing/2module/projects/opensphere/app/controllers/activate_controller.rb": [
        1,
        1,
        null,
        null,
        null
      ],
      "/Users/danielmulitauopele/Turing/2module/projects/opensphere/app/controllers/candidates_controller.rb": [
        1,
        1,
        3,
        null,
        null,
        1,
        3,
        null,
        null
      ]
    },
    "timestamp": 1536156364
  }
}
